2025-08-21 11:55:34 [INFO]: === ЗАПУСК ГЕНЕРАЦИИ RDF/XML ===
2025-08-21 11:55:34 [INFO]: Обрабатывается файл: C:\Users\geg\Documents\Script's\1C_Creator\dist\input.csv
2025-08-21 11:55:34 [INFO]: Родительский UID: 123
2025-08-21 11:55:34 [INFO]: Пути для создания: 11
2025-08-21 11:55:34 [DEBUG]: Создать: Иркутские тепловые сети
2025-08-21 11:55:34 [DEBUG]: Создать: Иркутские тепловые сети -> Здания и сооружения
2025-08-21 11:55:34 [DEBUG]: Создать: Иркутские тепловые сети -> Здания и сооружения -> Здания, сооружения  ЦОЭО
2025-08-21 11:55:34 [DEBUG]: Создать: Иркутские тепловые сети -> Здания и сооружения -> Здания, сооружения  ЦОЭО -> Здания, сооружения ОРУ
2025-08-21 11:55:34 [DEBUG]: Создать: Иркутские тепловые сети -> Здания и сооружения -> Здания, сооружения  ЦОЭО -> Здания, сооружения ОРУ -> ЗДАНИЯ И СООРУЖЕНИЯ
2025-08-21 11:55:34 [DEBUG]: Создать: Иркутские тепловые сети -> Здания и сооружения -> Здания, сооружения  ЦОЭО -> Здания, сооружения ОРУ -> Здания и сооружения
2025-08-21 11:55:34 [DEBUG]: Создать: Иркутские тепловые сети -> Здания и сооружения -> Здания, сооружения  ЦОЭО -> Здания, сооружения ОРУ -> Здания и сооружения -> ОРУ
2025-08-21 11:55:34 [DEBUG]: Создать: Иркутские тепловые сети -> Здания и сооружения -> Здания, сооружения  ЦОЭО -> Здания, сооружения ОРУ -> Здания и сооружения -> ОРУ -> ОРУ "Топка" -> Тестовый объект
2025-08-21 11:55:34 [DEBUG]: Создать: Иркутские тепловые сети -> Здания и сооружения -> Здания, сооружения  ЦОЭО -> Здания, сооружения для трансформаторов
2025-08-21 11:55:34 [DEBUG]: Создать: Иркутские тепловые сети -> Здания и сооружения -> Здания, сооружения  ЦОЭО -> Здания, сооружения для трансформаторов -> ЗДАНИЯ И СООРУЖЕНИЯ
2025-08-21 11:55:34 [DEBUG]: Создать: Иркутские тепловые сети -> Здания и сооружения -> Здания, сооружения  ЦОЭО -> Здания, сооружения для трансформаторов -> Здания и сооружения
2025-08-21 11:55:34 [INFO]: Виртуальные контейнеры (path_to_uid): 2
2025-08-21 11:55:34 [DEBUG]: Виртуальный: Иркутские тепловые сети -> Здания и сооружения -> Здания, сооружения  ЦОЭО -> Здания, сооружения для трансформаторов -> Здания и сооружения -> Подстанция трансформаторная РК "Свердловская" -> 12CC9FCB-D36D-504F-BE1C-87FF16A651DA
2025-08-21 11:55:34 [DEBUG]: Виртуальный: Иркутские тепловые сети -> Здания и сооружения -> Здания, сооружения  ЦОЭО -> Здания, сооружения ОРУ -> Здания и сооружения -> ОРУ -> ОРУ "Топка" -> 9C347BC4-B366-5446-90D8-4E061FA257CA
2025-08-21 11:55:34 [INFO]: Parent UID map: {('Иркутские тепловые сети', 'Здания и сооружения', 'Здания, сооружения  ЦОЭО', 'Здания, сооружения ОРУ', 'Здания и сооружения', 'ОРУ', 'ОРУ "Топка"', 'Тестовый объект'): '9C347BC4-B366-5446-90D8-4E061FA257CA'}
2025-08-21 11:55:34 [INFO]: Загружено путей: 11
2025-08-21 11:55:34 [INFO]: Внешних ChildObjects: 2
2025-08-21 11:55:34 [INFO]: Детей с виртуальным родителем: 1
2025-08-21 11:55:34 [INFO]: Генерация XML успешна
2025-08-21 11:55:34 [INFO]: Файл сохранён: C:\Users\geg\Documents\Script's\1C_Creator\dist\input.xml
2025-08-21 11:55:34 [DEBUG]: Размер сгенерированного XML: 6446 символов
